%!Adobe-FontList 1.13
%Locale:0x40e

%BeginFont
Handler:DirectoryHandler
FontType:Type1
FontName:Montserrat-Black
FamilyName:Montserrat
StyleName:Black
FullName:Montserrat Black
MenuName:Montserrat Black
StyleBits:0
WritingScript:Roman
OutlineFileName:c:\zs\MOME_CODE\0314\zselex\0317\Font\Montserrat-Black.otf
DataFormat:sfntData
UsesStandardEncoding:yes
isCFF:yes
FileLength:45336
FileModTime:1415952742
WeightClass:900
WidthClass:5
AngleClass:0
%EndFont

%BeginFont
Handler:DirectoryHandler
FontType:Type1
FontName:Montserrat-Bold
FamilyName:Montserrat
StyleName:Bold
FullName:Montserrat Bold
MenuName:Montserrat
StyleBits:2
WritingScript:Roman
OutlineFileName:c:\zs\MOME_CODE\0314\zselex\0317\Font\Montserrat-Bold.otf
DataFormat:sfntData
UsesStandardEncoding:yes
isCFF:yes
FileLength:45968
FileModTime:1415952742
WeightClass:700
WidthClass:5
AngleClass:0
%EndFont

%BeginFont
Handler:DirectoryHandler
FontType:Type1
FontName:Montserrat-Hairline
FamilyName:Montserrat
StyleName:Hairline
FullName:Montserrat Hairline
MenuName:Montserrat Hairline
StyleBits:0
WritingScript:Roman
OutlineFileName:c:\zs\MOME_CODE\0314\zselex\0317\Font\Montserrat-Hairline.otf
DataFormat:sfntData
UsesStandardEncoding:yes
isCFF:yes
FileLength:44156
FileModTime:1415952742
WeightClass:250
WidthClass:5
AngleClass:0
%EndFont

%BeginFont
Handler:DirectoryHandler
FontType:Type1
FontName:Montserrat-Light
FamilyName:Montserrat
StyleName:Light
FullName:Montserrat Light
MenuName:Montserrat Light
StyleBits:0
WritingScript:Roman
OutlineFileName:c:\zs\MOME_CODE\0314\zselex\0317\Font\Montserrat-Light.otf
DataFormat:sfntData
UsesStandardEncoding:yes
isCFF:yes
FileLength:44792
FileModTime:1415952742
WeightClass:300
WidthClass:5
AngleClass:0
%EndFont

%BeginFont
Handler:DirectoryHandler
FontType:Type1
FontName:Montserrat-Regular
FamilyName:Montserrat
StyleName:Regular
FullName:Montserrat
MenuName:Montserrat
StyleBits:0
WritingScript:Roman
OutlineFileName:c:\zs\MOME_CODE\0314\zselex\0317\Font\Montserrat-Regular.otf
DataFormat:sfntData
UsesStandardEncoding:yes
isCFF:yes
FileLength:45360
FileModTime:1415952744
WeightClass:400
WidthClass:5
AngleClass:0
%EndFont

%BeginFont
Handler:DirectoryHandler
FontType:Invalid
OutlineFileName:c:\zs\MOME_CODE\0314\zselex\0317\Font\SIL Open Font License.txt
FileModTime:1427530820
%EndFont

